<?xml version="1.0" encoding="UTF-8"?>
<!-- Generated by org.testng.reporters.JUnitReportReporter -->
<testsuite skipped="1" hostname="Balerion" name="com.rgk.testcases.SignInTest" tests="1" failures="0" timestamp="05 Feb 2019 17:38:02 GMT" time="0.020" errors="0">
  <testcase name="signInTest" time="0.020" classname="com.rgk.testcases.SignInTest">
    <skipped/>
  </testcase> <!-- signInTest -->
</testsuite> <!-- com.rgk.testcases.SignInTest -->
