<?xml version="1.0" encoding="UTF-8"?>
<!-- Generated by org.testng.reporters.JUnitReportReporter -->
<testsuite skipped="1" hostname="Balerion" name="com.rgk.testcases.FlightSearchTest" tests="1" failures="0" timestamp="05 Feb 2019 18:23:22 GMT" time="0.001" errors="0">
  <testcase name="flightSearchTest" time="0.001" classname="com.rgk.testcases.FlightSearchTest">
    <skipped/>
  </testcase> <!-- flightSearchTest -->
</testsuite> <!-- com.rgk.testcases.FlightSearchTest -->
